<?xml version="1.0" encoding="UTF-8"?>
<!-- Generated by org.testng.reporters.JUnitReportReporter -->
<testsuite hostname="RaghavK" failures="0" tests="1" name="com.OtherPSeg.testCases.TC_HomePage_002" time="51.399" errors="0" timestamp="2022-07-02T13:01:32 IST" skipped="0">
  <testcase classname="com.OtherPSeg.testCases.TC_HomePage_002" name="NewLead" time="51.399"/>
  <system-out/>
</testsuite> <!-- com.OtherPSeg.testCases.TC_HomePage_002 -->
