<?xml version="1.0" encoding="UTF-8"?>
<!-- Generated by org.testng.reporters.JUnitReportReporter -->
<testsuite hostname="RaghavK" failures="0" tests="1" name="com.OtherPSeg.testCases.TC_Follow_Up_004" time="90.013" errors="0" timestamp="2022-07-20T21:37:17 IST" skipped="0">
  <testcase classname="com.OtherPSeg.testCases.TC_Follow_Up_004" name="InProcess1" time="90.013"/>
  <system-out/>
</testsuite> <!-- com.OtherPSeg.testCases.TC_Follow_Up_004 -->
