<?xml version="1.0" encoding="UTF-8"?>
<!-- Generated by org.testng.reporters.JUnitReportReporter -->
<testsuite hostname="RaghavK" failures="0" tests="1" name="com.OtherPSeg.testCases.TC_LoginTest_001" time="48.704" errors="0" timestamp="2022-07-02T12:15:19 IST" skipped="0">
  <testcase classname="com.OtherPSeg.testCases.TC_LoginTest_001" name="loginTest" time="48.704"/>
  <system-out/>
</testsuite> <!-- com.OtherPSeg.testCases.TC_LoginTest_001 -->
