<?xml version="1.0" encoding="UTF-8"?>
<!-- Generated by org.testng.reporters.JUnitReportReporter -->
<testsuite hostname="RaghavK" failures="0" tests="1" name="com.OtherPSeg.testCases.TC_Interested_007" time="32.588" errors="0" timestamp="2022-07-09T14:11:00 IST" skipped="0">
  <testcase classname="com.OtherPSeg.testCases.TC_Interested_007" name="loginTest" time="32.588"/>
  <system-out/>
</testsuite> <!-- com.OtherPSeg.testCases.TC_Interested_007 -->
