<?xml version="1.0" encoding="UTF-8"?>
<!-- Generated by org.testng.reporters.JUnitReportReporter -->
<testsuite hostname="RaghavK" failures="0" tests="1" name="com.OtherPSeg.testCases.TC_NewLead_003" time="59.457" errors="0" timestamp="2022-07-02T16:53:16 IST" skipped="0">
  <testcase classname="com.OtherPSeg.testCases.TC_NewLead_003" name="newlead" time="59.457"/>
  <system-out/>
</testsuite> <!-- com.OtherPSeg.testCases.TC_NewLead_003 -->
