<?xml version="1.0" encoding="UTF-8"?>
<!-- Generated by org.testng.reporters.JUnitReportReporter -->
<testsuite hostname="RaghavK" failures="0" tests="1" name="com.OtherPSeg.testCases.TC_Closure_007" time="71.213" errors="0" timestamp="2022-07-20T21:37:17 IST" skipped="0">
  <testcase classname="com.OtherPSeg.testCases.TC_Closure_007" name="Closure" time="71.213"/>
  <system-out/>
</testsuite> <!-- com.OtherPSeg.testCases.TC_Closure_007 -->
